[    0.000000] Linux version 4.15.0-212-generic (buildd@lcy02-amd64-083) (gcc version 7.5.0 (Ubuntu 7.5.0-3ubuntu1~18.04)) #223-Ubuntu SMP Tue May 23 13:09:22 UTC 2023 (Ubuntu 4.15.0-212.223-generic 4.15.18)
[    0.000000] Command line: BOOT_IMAGE=/boot/vmlinuz-4.15.0-212-generic root=LABEL=cloudimg-rootfs ro console=tty1 console=ttyS0
[    0.000000] KERNEL supported cpus:
[    0.000000]   Intel GenuineIntel
[    0.000000]   AMD AuthenticAMD
[    0.000000]   Centaur CentaurHauls
[    0.000000] [Firmware Bug]: TSC doesn't count with P0 frequency!
[    0.000000] x86/fpu: Supporting XSAVE feature 0x001: 'x87 floating point registers'
[    0.000000] x86/fpu: Supporting XSAVE feature 0x002: 'SSE registers'
[    0.000000] x86/fpu: Supporting XSAVE feature 0x004: 'AVX registers'
[    0.000000] x86/fpu: xstate_offset[2]:  576, xstate_sizes[2]:  256
[    0.000000] x86/fpu: Enabled xstate features 0x7, context size is 832 bytes, using 'standard' format.
[    0.000000] e820: BIOS-provided physical RAM map:
[    0.000000] BIOS-e820: [mem 0x0000000000000000-0x000000000009fbff] usable
[    0.000000] BIOS-e820: [mem 0x000000000009fc00-0x000000000009ffff] reserved
[    0.000000] BIOS-e820: [mem 0x00000000000f0000-0x00000000000fffff] reserved
[    0.000000] BIOS-e820: [mem 0x0000000000100000-0x000000007ffeffff] usable
[    0.000000] BIOS-e820: [mem 0x000000007fff0000-0x000000007fffffff] ACPI data
[    0.000000] BIOS-e820: [mem 0x00000000fec00000-0x00000000fec00fff] reserved
[    0.000000] BIOS-e820: [mem 0x00000000fee00000-0x00000000fee00fff] reserved
[    0.000000] BIOS-e820: [mem 0x00000000fffc0000-0x00000000ffffffff] reserved
[    0.000000] NX (Execute Disable) protection: active
[    0.000000] SMBIOS 2.5 present.
[    0.000000] DMI: innotek GmbH VirtualBox/VirtualBox, BIOS VirtualBox 12/01/2006
[    0.000000] Hypervisor detected: KVM
[    0.000000] e820: last_pfn = 0x7fff0 max_arch_pfn = 0x400000000
[    0.000000] x86/PAT: Configuration [0-7]: WB  WC  UC- UC  WB  WP  UC- WT  
[    0.000000] CPU MTRRs all blank - virtualized system.
[    0.000000] found SMP MP-table at [mem 0x0009fbf0-0x0009fbff]
[    0.000000] Scanning 1 areas for low memory corruption
[    0.000000] RAMDISK: [mem 0x359cb000-0x36cdcfff]
[    0.000000] ACPI: Early table checksum verification disabled
[    0.000000] ACPI: RSDP 0x00000000000E0000 000024 (v02 VBOX  )
[    0.000000] ACPI: XSDT 0x000000007FFF0030 00003C (v01 VBOX   VBOXXSDT 00000001 ASL  00000061)
[    0.000000] ACPI: FACP 0x000000007FFF00F0 0000F4 (v04 VBOX   VBOXFACP 00000001 ASL  00000061)
[    0.000000] ACPI: DSDT 0x000000007FFF02F0 002353 (v02 VBOX   VBOXBIOS 00000002 VBOX 00029BF3)
[    0.000000] ACPI: FACS 0x000000007FFF0200 000040
[    0.000000] ACPI: FACS 0x000000007FFF0200 000040
[    0.000000] ACPI: APIC 0x000000007FFF0240 00005C (v02 VBOX   VBOXAPIC 00000001 ASL  00000061)
[    0.000000] ACPI: SSDT 0x000000007FFF02A0 000045 (v01 VBOX   VBOXCPUT 00000002 VBOX 00029BF3)
[    0.000000] ACPI: Reserving FACP table memory at [mem 0x7fff00f0-0x7fff01e3]
[    0.000000] ACPI: Reserving DSDT table memory at [mem 0x7fff02f0-0x7fff2642]
[    0.000000] ACPI: Reserving FACS table memory at [mem 0x7fff0200-0x7fff023f]
[    0.000000] ACPI: Reserving FACS table memory at [mem 0x7fff0200-0x7fff023f]
[    0.000000] ACPI: Reserving APIC table memory at [mem 0x7fff0240-0x7fff029b]
[    0.000000] ACPI: Reserving SSDT table memory at [mem 0x7fff02a0-0x7fff02e4]
[    0.000000] No NUMA configuration found
[    0.000000] Faking a node at [mem 0x0000000000000000-0x000000007ffeffff]
[    0.000000] NODE_DATA(0) allocated [mem 0x7ffc5000-0x7ffeffff]
[    0.000000] kvm-clock: cpu 0, msr 0:7ff44001, primary cpu clock
[    0.000000] kvm-clock: Using msrs 4b564d01 and 4b564d00
[    0.000000] kvm-clock: using sched offset of 4291650292 cycles
[    0.000000] clocksource: kvm-clock: mask: 0xffffffffffffffff max_cycles: 0x1cd42e4dffb, max_idle_ns: 881590591483 ns
[    0.000000] Zone ranges:
[    0.000000]   DMA      [mem 0x0000000000001000-0x0000000000ffffff]
[    0.000000]   DMA32    [mem 0x0000000001000000-0x000000007ffeffff]
[    0.000000]   Normal   empty
[    0.000000]   Device   empty
[    0.000000] Movable zone start for each node
[    0.000000] Early memory node ranges
[    0.000000]   node   0: [mem 0x0000000000001000-0x000000000009efff]
[    0.000000]   node   0: [mem 0x0000000000100000-0x000000007ffeffff]
[    0.000000] Reserved but unavailable: 104 pages
[    0.000000] Initmem setup node 0 [mem 0x0000000000001000-0x000000007ffeffff]
[    0.000000] ACPI: PM-Timer IO Port: 0x4008
[    0.000000] IOAPIC[0]: apic_id 2, version 32, address 0xfec00000, GSI 0-23
[    0.000000] ACPI: INT_SRC_OVR (bus 0 bus_irq 0 global_irq 2 dfl dfl)
[    0.000000] ACPI: INT_SRC_OVR (bus 0 bus_irq 9 global_irq 9 low level)
[    0.000000] Using ACPI (MADT) for SMP configuration information
[    0.000000] smpboot: Allowing 2 CPUs, 0 hotplug CPUs
[    0.000000] PM: Registered nosave memory: [mem 0x00000000-0x00000fff]
[    0.000000] PM: Registered nosave memory: [mem 0x0009f000-0x0009ffff]
[    0.000000] PM: Registered nosave memory: [mem 0x000a0000-0x000effff]
[    0.000000] PM: Registered nosave memory: [mem 0x000f0000-0x000fffff]
[    0.000000] e820: [mem 0x80000000-0xfebfffff] available for PCI devices
[    0.000000] Booting paravirtualized kernel on KVM
[    0.000000] clocksource: refined-jiffies: mask: 0xffffffff max_cycles: 0xffffffff, max_idle_ns: 7645519600211568 ns
[    0.000000] setup_percpu: NR_CPUS:8192 nr_cpumask_bits:2 nr_cpu_ids:2 nr_node_ids:1
[    0.000000] percpu: Embedded 50 pages/cpu s167936 r8192 d28672 u1048576
[    0.000000] PV qspinlock hash table entries: 256 (order: 0, 4096 bytes)
[    0.000000] Built 1 zonelists, mobility grouping on.  Total pages: 515961
[    0.000000] Policy zone: DMA32
[    0.000000] Kernel command line: BOOT_IMAGE=/boot/vmlinuz-4.15.0-212-generic root=LABEL=cloudimg-rootfs ro console=tty1 console=ttyS0
[    0.000000] Memory: 2014836K/2096696K available (12300K kernel code, 2477K rwdata, 4324K rodata, 2480K init, 2720K bss, 81860K reserved, 0K cma-reserved)
[    0.000000] SLUB: HWalign=64, Order=0-3, MinObjects=0, CPUs=2, Nodes=1
[    0.000000] ftrace: allocating 39508 entries in 155 pages
[    0.004000] Hierarchical RCU implementation.
[    0.004000] 	RCU restricting CPUs from NR_CPUS=8192 to nr_cpu_ids=2.
[    0.004000] 	Tasks RCU enabled.
[    0.004000] RCU: Adjusting geometry for rcu_fanout_leaf=16, nr_cpu_ids=2
[    0.004000] NR_IRQS: 524544, nr_irqs: 440, preallocated irqs: 16
[    0.004000] random: crng init done
[    0.004000] Console: colour VGA+ 80x25
[    0.004000] console [tty1] enabled
[    0.004000] console [ttyS0] enabled
[    0.004000] ACPI: Core revision 20170831
[    0.004000] ACPI: 2 ACPI AML tables successfully acquired and loaded
[    0.004000] APIC: Switch to symmetric I/O mode setup
[    0.008000] ..TIMER: vector=0x30 apic1=0 pin1=2 apic2=-1 pin2=-1
[    0.008008] tsc: Detected 1796.571 MHz processor
[    0.012010] Calibrating delay loop (skipped) preset value.. 3593.14 BogoMIPS (lpj=7186284)
[    0.016008] pid_max: default: 32768 minimum: 301
[    0.020137] Security Framework initialized
[    0.024009] Yama: becoming mindful.
[    0.028133] AppArmor: AppArmor initialized
[    0.044000] Dentry cache hash table entries: 262144 (order: 9, 2097152 bytes)
[    0.052512] Inode-cache hash table entries: 131072 (order: 8, 1048576 bytes)
[    0.056241] Mount-cache hash table entries: 4096 (order: 3, 32768 bytes)
[    0.060216] Mountpoint-cache hash table entries: 4096 (order: 3, 32768 bytes)
[    0.065938] Last level iTLB entries: 4KB 1024, 2MB 1024, 4MB 512
[    0.068012] Last level dTLB entries: 4KB 2048, 2MB 2048, 4MB 1024, 1GB 0
[    0.072010] Spectre V1 : Mitigation: usercopy/swapgs barriers and __user pointer sanitization
[    0.076009] Spectre V2 : Mitigation: Retpolines
[    0.080000] Spectre V2 : Spectre v2 / SpectreRSB mitigation: Filling RSB on context switch
[    0.080007] Spectre V2 : Spectre v2 / SpectreRSB : Filling RSB on VMEXIT
[    0.084005] RETBleed: Vulnerable
[    0.088196] Freeing SMP alternatives memory: 36K
[    0.208243] APIC calibration not consistent with PM-Timer: 101ms instead of 100ms
[    0.212000] APIC delta adjusted to PM-Timer: 6269463 (6349979)
[    0.212445] smpboot: CPU0: AMD Ryzen 7 5700U with Radeon Graphics (family: 0x17, model: 0x68, stepping: 0x1)
[    0.216702] Performance Events: PMU not available due to virtualization, using software events only.
[    0.220204] Hierarchical SRCU implementation.
[    0.224809] NMI watchdog: Perf event create on CPU 0 failed with -2
[    0.228008] NMI watchdog: Perf NMI watchdog permanently disabled
[    0.236167] smp: Bringing up secondary CPUs ...
[    0.241377] x86: Booting SMP configuration:
[    0.244101] .... node  #0, CPUs:      #1
[    0.004000] kvm-clock: cpu 1, msr 0:7ff44041, secondary cpu clock
[    0.256379] smp: Brought up 1 node, 2 CPUs
[    0.260016] smpboot: Max logical packages: 1
[    0.264012] smpboot: Total of 2 processors activated (7186.28 BogoMIPS)
[    0.272385] devtmpfs: initialized
[    0.276626] x86/mm: Memory block size: 128MB
[    0.284962] evm: security.selinux
[    0.292011] evm: security.SMACK64
[    0.296012] evm: security.SMACK64EXEC
[    0.300010] evm: security.SMACK64TRANSMUTE
[    0.304012] evm: security.SMACK64MMAP
[    0.312010] evm: security.apparmor
[    0.316009] evm: security.ima
[    0.320013] evm: security.capability
[    0.328591] clocksource: jiffies: mask: 0xffffffff max_cycles: 0xffffffff, max_idle_ns: 7645041785100000 ns
[    0.332028] futex hash table entries: 512 (order: 3, 32768 bytes)
[    0.336457] pinctrl core: initialized pinctrl subsystem
[    0.344272] RTC time: 19:05:32, date: 03/11/26
[    0.349710] NET: Registered protocol family 16
[    0.352289] audit: initializing netlink subsys (disabled)
[    0.360377] audit: type=2000 audit(1773255937.413:1): state=initialized audit_enabled=0 res=1
[    0.364187] cpuidle: using governor ladder
[    0.368300] cpuidle: using governor menu
[    0.380541] ACPI: bus type PCI registered
[    0.388012] acpiphp: ACPI Hot Plug PCI Controller Driver version: 0.5
[    0.396784] PCI: Using configuration type 1 for base access
[    0.404009] PCI: Using configuration type 1 for extended access
[    0.424351] HugeTLB registered 2.00 MiB page size, pre-allocated 0 pages
[    0.432996] ACPI: Added _OSI(Module Device)
[    0.440012] ACPI: Added _OSI(Processor Device)
[    0.448010] ACPI: Added _OSI(3.0 _SCP Extensions)
[    0.452007] ACPI: Added _OSI(Processor Aggregator Device)
[    0.460010] ACPI: Added _OSI(Linux-Dell-Video)
[    0.464013] ACPI: Added _OSI(Linux-Lenovo-NV-HDMI-Audio)
[    0.472011] ACPI: Added _OSI(Linux-HPI-Hybrid-Graphics)
[    0.481017] ACPI: Executed 1 blocks of module-level executable AML code
[    0.495089] ACPI: Interpreter enabled
[    0.496042] ACPI: (supports S0 S5)
[    0.504006] ACPI: Using IOAPIC for interrupt routing
[    0.508745] PCI: Using host bridge windows from ACPI; if necessary, use "pci=nocrs" and report a bug
[    0.520336] ACPI: Enabled 2 GPEs in block 00 to 07
[    0.537774] ACPI: PCI Root Bridge [PCI0] (domain 0000 [bus 00-ff])
[    0.544019] acpi PNP0A03:00: _OSC: OS supports [ExtendedConfig ASPM ClockPM Segments MSI]
[    0.557439] acpi PNP0A03:00: _OSC: platform does not support [PCIeCapability]
[    0.564975] acpi PNP0A03:00: _OSC: not requesting control; platform does not support [PCIeCapability]
[    0.572011] acpi PNP0A03:00: _OSC: OS requested [PCIeHotplug PME AER PCIeCapability]
[    0.584012] acpi PNP0A03:00: _OSC: platform willing to grant [PCIeHotplug PME AER]
[    0.592010] acpi PNP0A03:00: _OSC failed (AE_SUPPORT); disabling ASPM
[    0.600123] PCI host bridge to bus 0000:00
[    0.604013] pci_bus 0000:00: root bus resource [io  0x0000-0x0cf7 window]
[    0.612012] pci_bus 0000:00: root bus resource [io  0x0d00-0xffff window]
[    0.620016] pci_bus 0000:00: root bus resource [mem 0x000a0000-0x000bffff window]
[    0.628010] pci_bus 0000:00: root bus resource [mem 0x80000000-0xfdffffff window]
[    0.636010] pci_bus 0000:00: root bus resource [bus 00-ff]
[    0.650874] pci 0000:00:01.1: legacy IDE quirk: reg 0x10: [io  0x01f0-0x01f7]
[    0.656012] pci 0000:00:01.1: legacy IDE quirk: reg 0x14: [io  0x03f6]
[    0.664012] pci 0000:00:01.1: legacy IDE quirk: reg 0x18: [io  0x0170-0x0177]
[    0.672012] pci 0000:00:01.1: legacy IDE quirk: reg 0x1c: [io  0x0376]
[    0.713629] pci 0000:00:07.0: quirk: [io  0x4000-0x403f] claimed by PIIX4 ACPI
[    0.720053] pci 0000:00:07.0: quirk: [io  0x4100-0x410f] claimed by PIIX4 SMB
[    0.742463] ACPI: PCI Interrupt Link [LNKA] (IRQs 5 9 10 *11)
[    0.748765] ACPI: PCI Interrupt Link [LNKB] (IRQs 5 9 *10 11)
[    0.756359] ACPI: PCI Interrupt Link [LNKC] (IRQs 5 *9 10 11)
[    0.764319] ACPI: PCI Interrupt Link [LNKD] (IRQs 5 9 10 *11)
[    0.768857] SCSI subsystem initialized
[    0.776381] pci 0000:00:02.0: vgaarb: setting as boot VGA device
[    0.780000] pci 0000:00:02.0: vgaarb: VGA device added: decodes=io+mem,owns=io+mem,locks=none
[    0.792013] pci 0000:00:02.0: vgaarb: bridge control possible
[    0.800010] vgaarb: loaded
[    0.804054] ACPI: bus type USB registered
[    0.808115] usbcore: registered new interface driver usbfs
[    0.816039] usbcore: registered new interface driver hub
[    0.820039] usbcore: registered new device driver usb
[    0.828626] EDAC MC: Ver: 3.0.0
[    0.836483] PCI: Using ACPI for IRQ routing
[    0.840980] NetLabel: Initializing
[    0.844009] NetLabel:  domain hash size = 128
[    0.848009] NetLabel:  protocols = UNLABELED CIPSOv4 CALIPSO
[    0.852108] NetLabel:  unlabeled traffic allowed by default
[    0.856402] clocksource: Switched to clocksource kvm-clock
[    0.917038] VFS: Disk quotas dquot_6.6.0
[    0.927281] VFS: Dquot-cache hash table entries: 512 (order 0, 4096 bytes)
[    0.937255] AppArmor: AppArmor Filesystem Enabled
[    0.942910] pnp: PnP ACPI init
[    0.950120] pnp: PnP ACPI: found 3 devices
[    1.018412] clocksource: acpi_pm: mask: 0xffffff max_cycles: 0xffffff, max_idle_ns: 2085701024 ns
[    1.028382] NET: Registered protocol family 2
[    1.035430] IP idents hash table entries: 32768 (order: 6, 262144 bytes)
[    1.044613] TCP established hash table entries: 16384 (order: 5, 131072 bytes)
[    1.056298] TCP bind hash table entries: 16384 (order: 6, 262144 bytes)
[    1.067686] TCP: Hash tables configured (established 16384 bind 16384)
[    1.076593] UDP hash table entries: 1024 (order: 3, 32768 bytes)
[    1.083908] UDP-Lite hash table entries: 1024 (order: 3, 32768 bytes)
[    1.092201] NET: Registered protocol family 1
[    1.097532] pci 0000:00:00.0: Limiting direct PCI/PCI transfers
[    1.104029] pci 0000:00:01.0: Activating ISA DMA hang workarounds
[    1.110985] pci 0000:00:02.0: Video device with shadowed ROM at [mem 0x000c0000-0x000dffff]
[    1.120950] Unpacking initramfs...
[    1.734815] Freeing initrd memory: 19528K
[    1.739233] clocksource: tsc: mask: 0xffffffffffffffff max_cycles: 0x19e5825948e, max_idle_ns: 440795216460 ns
[    1.750166] platform rtc_cmos: registered platform RTC device (no PNP device found)
[    1.759531] Scanning for low memory corruption every 60 seconds
[    1.769512] Initialise system trusted keyrings
[    1.775284] Key type blacklist registered
[    1.780222] workingset: timestamp_bits=36 max_order=19 bucket_order=0
[    1.790767] zbud: loaded
[    1.796669] squashfs: version 4.0 (2009/01/31) Phillip Lougher
[    1.804337] fuse init (API version 7.26)
[    1.865924] Key type asymmetric registered
[    1.871017] Asymmetric key parser 'x509' registered
[    1.877950] Block layer SCSI generic (bsg) driver version 0.4 loaded (major 246)
[    1.887227] io scheduler noop registered
[    1.892365] io scheduler deadline registered
[    1.897618] io scheduler cfq registered (default)
[    1.905067] ACPI: AC Adapter [AC] (on-line)
[    1.911494] input: Power Button as /devices/LNXSYSTM:00/LNXPWRBN:00/input/input0
[    1.921407] ACPI: Power Button [PWRF]
[    1.926982] input: Sleep Button as /devices/LNXSYSTM:00/LNXSLPBN:00/input/input1
[    1.936137] ACPI: Sleep Button [SLPF]
[    1.942610] Serial: 8250/16550 driver, 32 ports, IRQ sharing enabled
[    1.944497] ACPI: Battery Slot [BAT0] (battery present)
[    1.981716] 00:02: ttyS0 at I/O 0x3f8 (irq = 4, base_baud = 115200) is a 16550A
[    2.015904] Linux agpgart interface v0.103
[    2.035208] loop: module loaded
[    2.042198] scsi host0: ata_piix
[    2.047283] scsi host1: ata_piix
[    2.051620] ata1: PATA max UDMA/33 cmd 0x1f0 ctl 0x3f6 bmdma 0xd000 irq 14
[    2.059597] ata2: PATA max UDMA/33 cmd 0x170 ctl 0x376 bmdma 0xd008 irq 15
[    2.067534] tun: Universal TUN/TAP device driver, 1.6
[    2.075103] PPP generic driver version 2.4.2
[    2.081173] ehci_hcd: USB 2.0 'Enhanced' Host Controller (EHCI) Driver
[    2.088542] ehci-pci: EHCI PCI platform driver
[    2.093398] ehci-platform: EHCI generic platform driver
[    2.099759] ohci_hcd: USB 1.1 'Open' Host Controller (OHCI) Driver
[    2.106802] ohci-pci: OHCI PCI platform driver
[    2.112588] ohci-platform: OHCI generic platform driver
[    2.118093] uhci_hcd: USB Universal Host Controller Interface driver
[    2.125386] i8042: PNP: PS/2 Controller [PNP0303:PS2K,PNP0f03:PS2M] at 0x60,0x64 irq 1,12
[    2.141850] serio: i8042 KBD port at 0x60,0x64 irq 1
[    2.146921] serio: i8042 AUX port at 0x60,0x64 irq 12
[    2.153895] mousedev: PS/2 mouse device common for all mice
[    2.165307] rtc_cmos rtc_cmos: rtc core: registered rtc_cmos as rtc0
[    2.173757] rtc_cmos rtc_cmos: alarms up to one day, 114 bytes nvram
[    2.181485] i2c /dev entries driver
[    2.181514] input: AT Translated Set 2 keyboard as /devices/platform/i8042/serio0/input/input2
[    2.186414] device-mapper: uevent: version 1.0.3
[    2.201852] device-mapper: ioctl: 4.37.0-ioctl (2017-09-20) initialised: dm-devel@redhat.com
[    2.212778] ledtrig-cpu: registered to indicate activity on CPUs
[    2.255478] NET: Registered protocol family 10
[    2.266619] Segment Routing with IPv6
[    2.271404] NET: Registered protocol family 17
[    2.277892] Key type dns_resolver registered
[    2.287965] mce: Using 0 MCE banks
[    2.291831] RAS: Correctable Errors collector initialized.
[    2.297125] sched_clock: Marking stable (2297030693, 0)->(3220337221, -923306528)
[    2.311270] registered taskstats version 1
[    2.315380] Loading compiled-in X.509 certificates
[    2.328281] Loaded X.509 cert 'Build time autogenerated kernel key: b5b26778eaa3ab3a4a6cee031137706e947d12ad'
[    2.340138] Loaded X.509 cert 'Canonical Ltd. Live Patch Signing: 14df34d1a87cf37625abec039ef2bf521249b969'
[    2.352184] Loaded X.509 cert 'Canonical Ltd. Kernel Module Signing: 88f752e560a1e0737e31163a466ad7b70a850c19'
[    2.362951] blacklist: Loading compiled-in revocation X.509 certificates
[    2.370982] Loaded X.509 cert 'Canonical Ltd. Secure Boot Signing: 61482aa2830d0ab2ad5af10b7250da9033ddcef0'
[    2.384972] Loaded X.509 cert 'Canonical Ltd. Secure Boot Signing (2017): 242ade75ac4a15e50d50c84b0d45ff3eae707a03'
[    2.398021] Loaded X.509 cert 'Canonical Ltd. Secure Boot Signing (ESM 2018): 365188c1d374d6b07c3c8f240f8ef722433d6a8b'
[    2.410981] Loaded X.509 cert 'Canonical Ltd. Secure Boot Signing (2019): c0746fd6c5da3ae827864651ad66ae47fe24b3e8'
[    2.423352] Loaded X.509 cert 'Canonical Ltd. Secure Boot Signing (2021 v1): a8d54bbb3825cfb94fa13c9f8a594a195c107b8d'
[    2.436304] Loaded X.509 cert 'Canonical Ltd. Secure Boot Signing (2021 v2): 4cf046892d6fd3c9a5b03f98d845f90851dc6a8c'
[    2.447941] Loaded X.509 cert 'Canonical Ltd. Secure Boot Signing (2021 v3): 100437bb6de6e469b581e61cd66bce3ef4ed53af'
[    2.460538] Loaded X.509 cert 'Canonical Ltd. Secure Boot Signing (Ubuntu Core 2019): c1d57b8f6b743f23ee41f4f7ee292f06eecadfb9'
[    2.473421] zswap: loaded using pool lzo/zbud
[    2.497227] Key type big_key registered
[    2.502446] Key type trusted registered
[    2.514828] Key type encrypted registered
[    2.519715] AppArmor: AppArmor sha1 policy hashing enabled
[    2.527683] ima: No TPM chip found, activating TPM-bypass! (rc=-19)
[    2.535917] ima: Allocated hash algorithm: sha1
[    2.542235] evm: HMAC attrs: 0x1
[    2.546628]   Magic number: 2:337:91
[    2.551223] rtc_cmos rtc_cmos: setting system clock to 2026-03-11 19:05:34 UTC (1773255934)
[    2.559727] BIOS EDD facility v0.16 2004-Jun-25, 0 devices found
[    2.565784] EDD information not available.
[    2.573937] Freeing unused kernel image memory: 2480K
[    2.592539] Write protecting the kernel read-only data: 20480k
[    2.600966] Freeing unused kernel image memory: 2008K
[    2.606505] Freeing unused kernel image memory: 1820K
[    2.617859] x86/mm: Checked W+X mappings: passed, no W+X pages found.
Loading, please wait...
starting version 237
[    2.729108] e1000: Intel(R) PRO/1000 Network Driver - version 7.3.21-k8-NAPI
[    2.737229] e1000: Copyright (c) 1999-2006 Intel Corporation.
[    2.757464] Fusion MPT base driver 3.04.20
[    2.761880] Copyright (c) 1999-2008 LSI Corporation
[    2.785894] AVX2 version of gcm_enc/dec engaged.
[    2.791759] AES CTR mode by8 optimization enabled
[    2.798276] Fusion MPT SPI Host driver 3.04.20
[    2.979887] input: ImExPS/2 Generic Explorer Mouse as /devices/platform/i8042/serio1/input/input4
[    3.512531] e1000 0000:00:03.0 eth0: (PCI:33MHz:32-bit) 02:3b:7b:b7:3b:2d
[    3.520393] e1000 0000:00:03.0 eth0: Intel(R) PRO/1000 Network Connection
[    4.228659] e1000 0000:00:08.0 eth1: (PCI:33MHz:32-bit) 08:00:27:a0:50:d5
[    4.237240] e1000 0000:00:08.0 eth1: Intel(R) PRO/1000 Network Connection
[    4.247940] e1000 0000:00:08.0 enp0s8: renamed from eth1
[    4.255700] mptbase: ioc0: Initiating bringup
[    4.271200] e1000 0000:00:03.0 enp0s3: renamed from eth0
[    4.594964] ioc0: LSI53C1030 A0: Capabilities={Initiator}
[    5.012820] scsi host2: ioc0: LSI53C1030 A0, FwRev=00000000h, Ports=1, MaxQ=256, IRQ=20
[    5.192305] scsi 2:0:0:0: Direct-Access     VBOX     HARDDISK         1.0  PQ: 0 ANSI: 5
[    5.232153] scsi target2:0:0: Beginning Domain Validation
[    5.246616] scsi target2:0:0: Domain Validation skipping write tests
[    5.253167] scsi target2:0:0: Ending Domain Validation
[    5.259525] scsi target2:0:0: asynchronous
[    5.265147] scsi 2:0:1:0: Direct-Access     VBOX     HARDDISK         1.0  PQ: 0 ANSI: 5
[    5.544799] scsi target2:0:1: Beginning Domain Validation
[    5.560055] scsi target2:0:1: Domain Validation skipping write tests
[    5.566623] scsi target2:0:1: Ending Domain Validation
[    5.571634] scsi target2:0:1: asynchronous
[    5.592214] sd 2:0:0:0: Attached scsi generic sg0 type 0
[    5.599967] sd 2:0:1:0: Attached scsi generic sg1 type 0
[    5.606263] sd 2:0:0:0: [sda] 83886080 512-byte logical blocks: (42.9 GB/40.0 GiB)
[    5.616368] sd 2:0:0:0: [sda] Write Protect is off
[    5.616440] sd 2:0:1:0: [sdb] 20480 512-byte logical blocks: (10.5 MB/10.0 MiB)
[    5.631100] sd 2:0:0:0: [sda] Write cache: enabled, read cache: enabled, supports DPO and FUA
[    5.631154] sd 2:0:1:0: [sdb] Write Protect is off
[    5.645995]  sda: sda1
[    5.649569] sd 2:0:1:0: [sdb] Write cache: enabled, read cache: enabled, supports DPO and FUA
[    5.652531] sd 2:0:0:0: [sda] Attached SCSI disk
[    5.681776] sd 2:0:1:0: [sdb] Attached SCSI disk
Begin: Loading essential drivers ... [    7.848466] raid6: sse2x1   gen() 47878 MB/s
[    8.851435] raid6: sse2x1   xor() 154757 MB/s
[   10.843240] raid6: sse2x2   gen() 300889 MB/s
[   11.847919] raid6: sse2x2   xor() 172532 MB/s
[   12.848318] raid6: sse2x4   gen() 345116 MB/s
[   12.910202] raid6: sse2x4   xor()  8386 MB/s
[   13.847265] raid6: avx2x1   gen() 402425 MB/s
[   13.909168] raid6: avx2x1   xor() 16422 MB/s
[   13.961762] raid6: avx2x2   gen() 33103 MB/s
[   14.025181] raid6: avx2x2   xor() 23302 MB/s
[   14.088404] raid6: avx2x4   gen() 41542 MB/s
[   14.140094] raid6: avx2x4   xor() 13386 MB/s
[   14.145341] raid6: using algorithm avx2x1 gen() 402425 MB/s
[   14.151449] raid6: .... xor() 16422 MB/s, rmw enabled
[   14.156769] raid6: using avx2x2 recovery algorithm
[   14.163698] xor: automatically using best checksumming function   avx       
[   14.172303] async_tx: api initialized (async)
done.
Begin: Running /scripts/init-premount ... done.
Begin: Mounting root file system ... Begin: Running /scripts/local-top ... done.
Begin: Running /scripts/local-premount ... [   14.246667] Btrfs loaded, crc32c=crc32c-intel
Scanning for Btrfs filesystems
done.
Warning: fsck not present, so skipping root file system
[   14.323762] EXT4-fs (sda1): INFO: recovery required on readonly filesystem
[   14.330828] EXT4-fs (sda1): write access will be enabled during recovery
[   14.832279] EXT4-fs (sda1): recovery complete
[   14.838515] EXT4-fs (sda1): mounted filesystem with ordered data mode. Opts: (null)
done.
Begin: Running /scripts/local-bottom ... done.
Begin: Running /scripts/init-bottom ... done.
[   15.157936] ip_tables: (C) 2000-2006 Netfilter Core Team
[   15.180995] systemd[1]: systemd 237 running in system mode. (+PAM +AUDIT +SELINUX +IMA +APPARMOR +SMACK +SYSVINIT +UTMP +LIBCRYPTSETUP +GCRYPT +GNUTLS +ACL +XZ +LZ4 +SECCOMP +BLKID +ELFUTILS +KMOD -IDN2 +IDN -PCRE2 default-hierarchy=hybrid)
[   15.202075] systemd[1]: Detected virtualization oracle.
[   15.206921] systemd[1]: Detected architecture x86-64.

Welcome to [1mUbuntu 18.04.6 LTS[0m!

[   15.249940] systemd[1]: Set hostname to <srv-web>.
[   15.767469] systemd[1]: Reached target Swap.
[[0;32m  OK  [0m] Reached target Swap.
[   15.790787] systemd[1]: Created slice User and Session Slice.
[[0;32m  OK  [0m] Created slice User and Session Slice.
[   15.804229] systemd[1]: Created slice System Slice.
[[0;32m  OK  [0m] Created slice System Slice.
[   15.825410] systemd[1]: Listening on /dev/initctl Compatibility Named Pipe.
[[0;32m  OK  [0m] Listening on /dev/initctl Compatibility Named Pipe.
[   15.838495] systemd[1]: Reached target Slices.
[[0;32m  OK  [0m] Reached target Slices.
[   15.848757] systemd[1]: Listening on Device-mapper event daemon FIFOs.
[[0;32m  OK  [0m] Listening on Device-mapper event daemon FIFOs.
[[0;32m  OK  [0m] Reached target Mounting snaps.
[[0;32m  OK  [0m] Listening on udev Control Socket.
[[0;32m  OK  [0m] Started Forward Password Requests to Wall Directory Watch.
[[0;32m  OK  [0m] Listening on fsck to fsckd communication Socket.
[[0;32m  OK  [0m] Listening on Network Service Netlink Socket.
[[0;32m  OK  [0m] Created slice system-serial\x2dgetty.slice.
[[0;32m  OK  [0m] Listening on Journal Socket.
         Starting Set the console keyboard layout...
         Starting File System Check on Root Device...
         Mounting Huge Pages File System...
         Mounting POSIX Message Queue File System...
         Starting Create list of required st…ce nodes for the current kernel...
         Starting Load Kernel Modules...
[[0;32m  OK  [0m] Reached target User and Group Name Lookups.
         Starting Uncomplicated firewall...
[[0;32m  OK  [0m] Listening on Journal Socket (/dev/log).
[[0;32m  OK  [0m] Listening on Journal Audit Socket.
[[0;32m  OK  [0m] Set up automount Arbitrary Executab…rmats File System Automount Point.
[   15.999148] Loading iSCSI transport class v2.0-870.
[[0;32m  OK  [0m] Reached target Mounted snaps.
[[0;32m  OK  [0m] Listening on Syslog Socket.
         Starting Journal Service...
[[0;32m  OK  [0m] Listening on LVM2 metadata daemon socket.
         Starting Monitoring of LVM2 mirrors…ng dmeventd or progress polling...
         Mounting Kernel Debug File System...
[[0;32m  OK  [0m] Listening on udev Kernel Socket.
         Starting udev Coldplug all Devices...
[[0;32m  OK  [0m] Reached target System Time Synchronized.
[[0;32m  OK  [0m] Listening on LVM2 poll daemon socket.
[[0;32m  OK  [0m] Started File System Check on Root Device.
[[0;32m  OK  [0m] Mounted Huge Pages File System.
[[0;32m  OK  [0m] Mounted POSIX Message Queue File System.
[[0;32m  OK  [0m] Started Create list of required sta…vice nodes for the current kernel.
[[0;32m  OK  [0m] Started Uncomplicated firewall.
[[0;32m  OK  [0m] Mounted Kernel Debug File System.
[[0;32m  OK  [0m] Started File System Check Daemon to report status.
         Starting Create Static Device Nodes in /dev...
         Starting Remount Root and Kernel File Systems...
[[0;32m  OK  [0m] Started udev Coldplug all Devices.
[[0;32m  OK  [0m] Started Journal Service.
[   16.180887] iscsi: registered transport (tcp)
[[0;32m  OK  [0m] Started Set the console keyboard layout.
[[0;32m  OK  [0m] Started Create Static Device Nodes in /dev.
[   16.244872] EXT4-fs (sda1): re-mounted. Opts: (null)
[[0;32m  OK  [0m] Started Remount Root and Kernel File Systems.
         Starting Flush Journal to Persistent Storage...
         Starting udev Kernel Device Manager...
         Starting Load/Save Random Seed...
[   16.310655] systemd-journald[418]: Received request to flush runtime journal from PID 1
[[0;32m  OK  [0m] Started LVM2 metadata daemon.
[[0;32m  OK  [0m] Started Load/Save Random Seed.
[   16.469782] iscsi: registered transport (iser)
[[0;32m  OK  [0m] Started Load Kernel Modules.
[[0;32m  OK  [0m] Started udev Kernel Device Manager.
[[0;32m  OK  [0m] Started Dispatch Password Requests to Console Directory Watch.
[[0;32m  OK  [0m] Reached target Local Encrypted Volumes.
         Mounting FUSE Control File System...
         Starting Apply Kernel Variables...
         Mounting Kernel Configuration File System...
[[0;32m  OK  [0m] Mounted FUSE Control File System.
[[0;32m  OK  [0m] Mounted Kernel Configuration File System.
[[0;32m  OK  [0m] Started Monitoring of LVM2 mirrors,…sing dmeventd or progress polling.
[[0;32m  OK  [0m] Reached target Local File Systems (Pre).
[[0;32m  OK  [0m] Reached target Local File Systems.
         Starting Tell Plymouth To Write Out Runtime Data...
         Starting Set console font and keymap...
         Starting AppArmor initialization...
         Starting ebtables ruleset management...
[[0;32m  OK  [0m] Started Tell Plymouth To Write Out Runtime Data.
[[0;32m  OK  [0m] Started Set console font and keymap.
[[0;32m  OK  [0m] Started Flush Journal to Persistent Storage.
         Starting Create Volatile Files and Directories...
[[0;32m  OK  [0m] Started Create Volatile Files and Directories.
[[0;32m  OK  [0m] Started Apply Kernel Variables.
         Starting Update UTMP about System Boot/Shutdown...
[[0;32m  OK  [0m] Started Update UTMP about System Boot/Shutdown.
[[0;32m  OK  [0m] Started ebtables ruleset management.
[[0;32m  OK  [0m] Found device /dev/ttyS0.
[[0;32m  OK  [0m] Started AppArmor initialization.
         Starting Load AppArmor profiles managed internally by snapd...
         Starting Initial cloud-init job (pre-networking)...
         Mounting Arbitrary Executable File Formats File System...
[[0;32m  OK  [0m] Listening on Load/Save RF Kill Switch Status /dev/rfkill Watch.
[[0;32m  OK  [0m] Mounted Arbitrary Executable File Formats File System.
[[0;32m  OK  [0m] Started Load AppArmor profiles managed internally by snapd.
[   19.592628] cloud-init[568]: Cloud-init v. 23.1.2-0ubuntu0~18.04.1 running 'init-local' at Wed, 11 Mar 2026 19:05:51 +0000. Up 19.35 seconds.
[[0;32m  OK  [0m] Started Initial cloud-init job (pre-networking).
[[0;32m  OK  [0m] Reached target Network (Pre).
         Starting Network Service...
[[0;32m  OK  [0m] Started Network Service.
         Starting Wait for Network to be Configured...
         Starting Network Name Resolution...
[[0;32m  OK  [0m] Started Network Name Resolution.
[[0;32m  OK  [0m] Reached target Network.
[[0;32m  OK  [0m] Reached target Host and Network Name Lookups.
[[0;32m  OK  [0m] Started Wait for Network to be Configured.
         Starting Initial cloud-init job (metadata service crawler)...
[   22.658262] cloud-init[696]: Cloud-init v. 23.1.2-0ubuntu0~18.04.1 running 'init' at Wed, 11 Mar 2026 19:05:54 +0000. Up 22.52 seconds.
[   22.664906] cloud-init[696]: ci-info: +++++++++++++++++++++++++++++++++++++++++++Net device info++++++++++++++++++++++++++++++++++++++++++++
[   22.669892] cloud-init[696]: ci-info: +--------+------+---------------------------------------+---------------+--------+-------------------+
[   22.675355] cloud-init[696]: ci-info: | Device |  Up  |                Address                |      Mask     | Scope  |     Hw-Address    |
[   22.680699] cloud-init[696]: ci-info: +--------+------+---------------------------------------+---------------+--------+-------------------+
[   22.685613] cloud-init[696]: ci-info: | enp0s3 | True |               10.0.2.15               | 255.255.255.0 | global | 02:3b:7b:b7:3b:2d |
[   22.690397] cloud-init[696]: ci-info: | enp0s3 | True | fd17:625c:f037:2:3b:7bff:feb7:3b2d/64 |       .       | global | 02:3b:7b:b7:3b:2d |
[   22.696534] cloud-init[696]: ci-info: | enp0s3 | True |       fe80::3b:7bff:feb7:3b2d/64      |       .       |  link  | 02:3b:7b:b7:3b:2d |
[   22.701338] cloud-init[696]: ci-info: | enp0s8 | True |             192.168.56.10             | 255.255.255.0 | global | 08:00:27:a0:50:d5 |
[   22.706526] cloud-init[696]: ci-info: | enp0s8 | True |      fe80::a00:27ff:fea0:50d5/64      |       .       |  link  | 08:00:27:a0:50:d5 |
[   22.711099] cloud-init[696]: ci-info: |   lo   | True |               127.0.0.1               |   255.0.0.0   |  host  |         .         |
[   22.716748] cloud-init[696]: ci-info: |   lo   | True |                ::1/128                |       .       |  host  |         .         |
[   22.722264] cloud-init[696]: ci-info: +--------+------+---------------------------------------+---------------+--------+-------------------+
[   22.728002] cloud-init[696]: ci-info: +++++++++++++++++++++++++++++Route IPv4 info+++++++++++++++++++++++++++++
[   22.732788] cloud-init[696]: ci-info: +-------+--------------+----------+-----------------+-----------+-------+
[   22.736993] cloud-init[696]: ci-info: | Route | Destination  | Gateway  |     Genmask     | Interface | Flags |
[   22.740934] cloud-init[696]: ci-info: +-------+--------------+----------+-----------------+-----------+-------+
[   22.744933] cloud-init[696]: ci-info: |   0   |   0.0.0.0    | 10.0.2.2 |     0.0.0.0     |   enp0s3  |   UG  |
[   22.750127] cloud-init[696]: ci-info: |   1   |   10.0.2.0   | 0.0.0.0  |  255.255.255.0  |   enp0s3  |   U   |
[   22.754128] cloud-init[696]: ci-info: |   2   |   10.0.2.2   | 0.0.0.0  | 255.255.255.255 |   enp0s3  |   UH  |
[   22.759265] cloud-init[696]: ci-info: |   3   | 192.168.56.0 | 0.0.0.0  |  255.255.255.0  |   enp0s8  |   U   |
[   22.763793] cloud-init[696]: ci-info: +-------+--------------+----------+-----------------+-----------+-------+
[   22.768766] cloud-init[696]: ci-info: ++++++++++++++++++++++++Route IPv6 info++++++++++++++++++++++++
[   22.773704] cloud-init[696]: ci-info: +-------+-----------------------+---------+-----------+-------+
[   22.777710] cloud-init[696]: ci-info: | Route |      Destination      | Gateway | Interface | Flags |
[   22.781629] cloud-init[696]: ci-info: +-------+-----------------------+---------+-----------+-------+
[   22.786058] cloud-init[696]: ci-info: |   1   | fd17:625c:f037:2::/64 |    ::   |   enp0s3  |   U   |
[   22.790973] cloud-init[696]: ci-info: |   2   |       fe80::/64       |    ::   |   enp0s8  |   U   |
[   22.795284] cloud-init[696]: ci-info: |   3   |       fe80::/64       |    ::   |   enp0s3  |   U   |
[   22.800952] cloud-init[696]: ci-info: |   4   |          ::/0         | fe80::2 |   enp0s3  |   UG  |
[   22.805248] cloud-init[696]: ci-info: |   6   |         local         |    ::   |   enp0s3  |   U   |
[   22.809520] cloud-init[696]: ci-info: |   7   |         local         |    ::   |   enp0s8  |   U   |
[   22.814002] cloud-init[696]: ci-info: |   8   |        ff00::/8       |    ::   |   enp0s8  |   U   |
[   22.818365] cloud-init[696]: ci-info: |   9   |        ff00::/8       |    ::   |   enp0s3  |   U   |
[   22.822855] cloud-init[696]: ci-info: +-------+-----------------------+---------+-----------+-------+
[[0;32m  OK  [0m] Started Initial cloud-init job (metadata service crawler).
[[0;32m  OK  [0m] Reached target Network is Online.
[[0;32m  OK  [0m] Reached target Remote File Systems (Pre).
         Mounting /vagrant...
         Starting Availability of block devices...
[[0;32m  OK  [0m] Reached target System Initialization.
[[0;32m  OK  [0m] Listening on D-Bus System Message Bus Socket.
[[0;32m  OK  [0m] Listening on cloud-init hotplug hook socket.
[[0;32m  OK  [0m] Started Message of the Day.
[[0;32m  OK  [0m] Started ACPI Events Check.
         Starting LXD - unix socket.
[[0;32m  OK  [0m] Started Discard unused blocks once a week.
         Starting Socket activation for snappy daemon.
[[0;32m  OK  [0m] Listening on ACPID Listen Socket.
[[0;32m  OK  [0m] Started Ubuntu Advantage Timer for running repeated jobs.
[[0;32m  OK  [0m] Listening on Open-iSCSI iscsid Socket.
[[0;32m  OK  [0m] Started Daily apt download activities.
[[0;32m  OK  [0m] Started Daily apt upgrade and clean activities.
[[0;32m  OK  [0m] Reached target Paths.
[[0;32m  OK  [0m] Listening on UUID daemon activation socket.
[[0;32m  OK  [0m] Started Daily Cleanup of Temporary Directories.
[[0;32m  OK  [0m] Reached target Timers.
[[0;32m  OK  [0m] Reached target Cloud-config availability.
[[0;32m  OK  [0m] Mounted /vagrant.
[[0;32m  OK  [0m] Started Availability of block devices.
[[0;32m  OK  [0m] Listening on LXD - unix socket.
[[0;32m  OK  [0m] Listening on Socket activation for snappy daemon.
[[0;32m  OK  [0m] Reached target Sockets.
[[0;32m  OK  [0m] Reached target Basic System.
         Starting Dispatcher daemon for systemd-networkd...
[[0;32m  OK  [0m] Started Regular background program processing daemon.
[[0;32m  OK  [0m] Started D-Bus System Message Bus.
[[0;32m  OK  [0m] Started FUSE filesystem for LXC.
         Starting LXD - container startup/shutdown...
         Starting OpenBSD Secure Shell server...
[[0;32m  OK  [0m] Started irqbalance daemon.
         Starting Login Service...
         Starting LSB: Record successful boot for GRUB...
         Starting Accounts Service...
[[0;32m  OK  [0m] Reached target Login Prompts (Pre).
         Starting System Logging Service...
         Starting Apache Tomcat 9...
         Starting Virtualbox guest utils...
[[0;32m  OK  [0m] Started Deferred execution scheduler.
         Starting Snap Daemon...
[[0;32m  OK  [0m] Reached target Remote File Systems.
         Starting Permit User Sessions...
         Starting LSB: automatic crash report generation...
[[0;32m  OK  [0m] Started System Logging Service.
[[0;32m  OK  [0m] Started Login Service.
[[0;32m  OK  [0m] Started Unattended Upgrades Shutdown.
[[0;32m  OK  [0m] Started OpenBSD Secure Shell server.
[[0;32m  OK  [0m] Started Permit User Sessions.
         Starting Hold until boot process finishes up...
         Starting Terminate Plymouth Boot Screen...
         Starting Authorization Manager...
[[0;32m  OK  [0m] Started Hold until boot process finishes up.
[[0;32m  OK  [0m] Started Terminate Plymouth Boot Screen.
[[0;32m  OK  [0m] Started Serial Getty on ttyS0.
         Starting Set console scheme...
[[0;32m  OK  [0m] Started LSB: Record successful boot for GRUB.
[[0;32m  OK  [0m] Started Set console scheme.
[[0;32m  OK  [0m] Created slice system-getty.slice.
[[0;32m  OK  [0m] Started Getty on tty1.
[[0;32m  OK  [0m] Reached target Login Prompts.
[[0;32m  OK  [0m] Started Dispatcher daemon for systemd-networkd.
[[0;32m  OK  [0m] Started Authorization Manager.
[[0;32m  OK  [0m] Started Accounts Service.
[[0;32m  OK  [0m] Started Virtualbox guest utils.
[[0;32m  OK  [0m] Started Apache Tomcat 9.
[[0;32m  OK  [0m] Started LSB: automatic crash report generation.
[[0;32m  OK  [0m] Started LXD - container startup/shutdown.
[[0;32m  OK  [0m] Created slice User Slice of vagrant.
         Starting User Manager for UID 1000...
[[0;32m  OK  [0m] Started Session 1 of user vagrant.
[[0;32m  OK  [0m] Started Snap Daemon.
         Starting Wait until snapd is fully seeded...
         Starting Time & Date Service...
[[0;32m  OK  [0m] Started Time & Date Service.
[[0;32m  OK  [0m] Started User Manager for UID 1000.
[[0;32m  OK  [0m] Started Wait until snapd is fully seeded.
         Starting Apply the settings specified in cloud-config...
[   27.791444] cloud-init[1221]: Cloud-init v. 23.1.2-0ubuntu0~18.04.1 running 'modules:config' at Wed, 11 Mar 2026 19:05:59 +0000. Up 27.55 seconds.
[[0;32m  OK  [0m] Started Apply the settings specified in cloud-config.
[[0;32m  OK  [0m] Reached target Multi-User System.
[[0;32m  OK  [0m] Reached target Graphical Interface.
         Starting Execute cloud user/final scripts...
         Starting Update UTMP about System Runlevel Changes...
[[0;32m  OK  [0m] Started Update UTMP about System Runlevel Changes.
[   28.883623] cloud-init[1261]: Cloud-init v. 23.1.2-0ubuntu0~18.04.1 running 'modules:final' at Wed, 11 Mar 2026 19:06:00 +0000. Up 28.55 seconds.
[   28.935113] cloud-init[1261]: Cloud-init v. 23.1.2-0ubuntu0~18.04.1 finished at Wed, 11 Mar 2026 19:06:00 +0000. Datasource DataSourceNoCloud [seed=/dev/sdb][dsmode=net].  Up 28.86 seconds
[[0;32m  OK  [0m] Started Execute cloud user/final scripts.
[[0;32m  OK  [0m] Reached target Cloud-init target.

Ubuntu 18.04.6 LTS srv-web ttyS0

srv-web login: 